<?xml version="1.0" encoding="UTF-8"?>
<coverage generated="1772884779242" clover="3.2.0">
  <project timestamp="1772884779242" name="All files">
    <metrics statements="32" coveredstatements="30" conditionals="22" coveredconditionals="20" methods="7" coveredmethods="5" elements="61" coveredelements="55" complexity="0" loc="32" ncloc="32" packages="3" files="3" classes="3"/>
    <package name="schemas">
      <metrics statements="7" coveredstatements="6" conditionals="0" coveredconditionals="0" methods="2" coveredmethods="1"/>
      <file name="auth.schemas.ts" path="/Users/phuong/Documents/Tech/Personal/inventory_app/src/frontend/src/schemas/auth.schemas.ts">
        <metrics statements="7" coveredstatements="6" conditionals="0" coveredconditionals="0" methods="2" coveredmethods="1"/>
        <line num="3" count="1" type="stmt"/>
        <line num="8" count="1" type="stmt"/>
        <line num="19" count="1" type="stmt"/>
        <line num="28" count="9" type="stmt"/>
        <line num="33" count="1" type="stmt"/>
        <line num="37" count="1" type="stmt"/>
        <line num="45" count="0" type="stmt"/>
      </file>
    </package>
    <package name="types">
      <metrics statements="15" coveredstatements="14" conditionals="12" coveredconditionals="10" methods="3" coveredmethods="2"/>
      <file name="item.ts" path="/Users/phuong/Documents/Tech/Personal/inventory_app/src/frontend/src/types/item.ts">
        <metrics statements="15" coveredstatements="14" conditionals="12" coveredconditionals="10" methods="3" coveredmethods="2"/>
        <line num="12" count="1" type="stmt"/>
        <line num="20" count="1" type="stmt"/>
        <line num="28" count="1" type="stmt"/>
        <line num="32" count="6" type="cond" truecount="6" falsecount="0"/>
        <line num="34" count="2" type="cond" truecount="2" falsecount="0"/>
        <line num="36" count="1" type="stmt"/>
        <line num="40" count="1" type="stmt"/>
        <line num="42" count="1" type="stmt"/>
        <line num="45" count="1" type="stmt"/>
        <line num="84" count="1" type="stmt"/>
        <line num="85" count="0" type="stmt"/>
        <line num="151" count="1" type="stmt"/>
        <line num="159" count="1" type="stmt"/>
        <line num="165" count="1" type="stmt"/>
        <line num="166" count="6" type="cond" truecount="1" falsecount="1"/>
      </file>
    </package>
    <package name="utils">
      <metrics statements="10" coveredstatements="10" conditionals="10" coveredconditionals="10" methods="2" coveredmethods="2"/>
      <file name="errorUtils.ts" path="/Users/phuong/Documents/Tech/Personal/inventory_app/src/frontend/src/utils/errorUtils.ts">
        <metrics statements="10" coveredstatements="10" conditionals="10" coveredconditionals="10" methods="2" coveredmethods="2"/>
        <line num="8" count="6" type="cond" truecount="2" falsecount="0"/>
        <line num="9" count="2" type="stmt"/>
        <line num="10" count="2" type="cond" truecount="4" falsecount="0"/>
        <line num="11" count="1" type="stmt"/>
        <line num="14" count="5" type="cond" truecount="2" falsecount="0"/>
        <line num="15" count="2" type="stmt"/>
        <line num="17" count="3" type="stmt"/>
        <line num="25" count="3" type="cond" truecount="2" falsecount="0"/>
        <line num="26" count="1" type="stmt"/>
        <line num="28" count="2" type="stmt"/>
      </file>
    </package>
  </project>
</coverage>
