{"/Users/phuong/Documents/Tech/Personal/inventory_app/src/frontend/src/schemas/auth.schemas.ts": {"path":"/Users/phuong/Documents/Tech/Personal/inventory_app/src/frontend/src/schemas/auth.schemas.ts","statementMap":{"0":{"start":{"line":3,"column":27},"end":{"line":6,"column":null}},"1":{"start":{"line":8,"column":32},"end":{"line":17,"column":null}},"2":{"start":{"line":19,"column":28},"end":{"line":31,"column":null}},"3":{"start":{"line":28,"column":20},"end":{"line":28,"column":60}},"4":{"start":{"line":33,"column":36},"end":{"line":35,"column":null}},"5":{"start":{"line":37,"column":35},"end":{"line":48,"column":null}},"6":{"start":{"line":45,"column":20},"end":{"line":45,"column":60}}},"fnMap":{"0":{"name":"(anonymous_0)","decl":{"start":{"line":28,"column":10},"end":{"line":28,"column":11}},"loc":{"start":{"line":28,"column":20},"end":{"line":28,"column":60}},"line":28},"1":{"name":"(anonymous_1)","decl":{"start":{"line":45,"column":10},"end":{"line":45,"column":11}},"loc":{"start":{"line":45,"column":20},"end":{"line":45,"column":60}},"line":45}},"branchMap":{},"s":{"0":1,"1":1,"2":1,"3":9,"4":1,"5":1,"6":0},"f":{"0":9,"1":0},"b":{},"meta":{"lastBranch":0,"lastFunction":2,"lastStatement":7,"seen":{"s:3:27:6:Infinity":0,"s:8:32:17:Infinity":1,"s:19:28:31:Infinity":2,"f:28:10:28:11":0,"s:28:20:28:60":3,"s:33:36:35:Infinity":4,"s:37:35:48:Infinity":5,"f:45:10:45:11":1,"s:45:20:45:60":6}}}
,"/Users/phuong/Documents/Tech/Personal/inventory_app/src/frontend/src/types/item.ts": {"path":"/Users/phuong/Documents/Tech/Personal/inventory_app/src/frontend/src/types/item.ts","statementMap":{"0":{"start":{"line":12,"column":53},"end":{"line":18,"column":null}},"1":{"start":{"line":20,"column":66},"end":{"line":26,"column":null}},"2":{"start":{"line":28,"column":38},"end":{"line":47,"column":null}},"3":{"start":{"line":32,"column":2},"end":{"line":46,"column":null}},"4":{"start":{"line":34,"column":6},"end":{"line":34,"column":null}},"5":{"start":{"line":36,"column":6},"end":{"line":38,"column":null}},"6":{"start":{"line":40,"column":6},"end":{"line":40,"column":null}},"7":{"start":{"line":42,"column":6},"end":{"line":42,"column":null}},"8":{"start":{"line":45,"column":6},"end":{"line":45,"column":null}},"9":{"start":{"line":84,"column":31},"end":{"line":86,"column":null}},"10":{"start":{"line":85,"column":2},"end":{"line":85,"column":null}},"11":{"start":{"line":151,"column":30},"end":{"line":155,"column":null}},"12":{"start":{"line":159,"column":57},"end":{"line":163,"column":null}},"13":{"start":{"line":165,"column":28},"end":{"line":167,"column":null}},"14":{"start":{"line":166,"column":2},"end":{"line":166,"column":null}}},"fnMap":{"0":{"name":"(anonymous_0)","decl":{"start":{"line":28,"column":38},"end":{"line":28,"column":null}},"loc":{"start":{"line":31,"column":13},"end":{"line":47,"column":null}},"line":31},"1":{"name":"(anonymous_1)","decl":{"start":{"line":84,"column":31},"end":{"line":84,"column":32}},"loc":{"start":{"line":84,"column":59},"end":{"line":86,"column":null}},"line":84},"2":{"name":"(anonymous_2)","decl":{"start":{"line":165,"column":28},"end":{"line":165,"column":29}},"loc":{"start":{"line":165,"column":60},"end":{"line":167,"column":null}},"line":165}},"branchMap":{"0":{"loc":{"start":{"line":32,"column":2},"end":{"line":46,"column":null}},"type":"switch","locations":[{"start":{"line":33,"column":4},"end":{"line":34,"column":null}},{"start":{"line":35,"column":4},"end":{"line":38,"column":null}},{"start":{"line":39,"column":4},"end":{"line":40,"column":null}},{"start":{"line":41,"column":4},"end":{"line":42,"column":null}},{"start":{"line":43,"column":4},"end":{"line":43,"column":null}},{"start":{"line":44,"column":4},"end":{"line":45,"column":null}}],"line":32},"1":{"loc":{"start":{"line":34,"column":13},"end":{"line":34,"column":null}},"type":"cond-expr","locations":[{"start":{"line":34,"column":21},"end":{"line":34,"column":29}},{"start":{"line":34,"column":29},"end":{"line":34,"column":null}}],"line":34},"2":{"loc":{"start":{"line":37,"column":8},"end":{"line":37,"column":null}},"type":"cond-expr","locations":[{"start":{"line":37,"column":36},"end":{"line":37,"column":44}},{"start":{"line":37,"column":44},"end":{"line":37,"column":null}}],"line":37},"3":{"loc":{"start":{"line":166,"column":9},"end":{"line":166,"column":null}},"type":"binary-expr","locations":[{"start":{"line":166,"column":9},"end":{"line":166,"column":34}},{"start":{"line":166,"column":34},"end":{"line":166,"column":null}}],"line":166}},"s":{"0":1,"1":1,"2":1,"3":6,"4":2,"5":1,"6":1,"7":1,"8":1,"9":1,"10":0,"11":1,"12":1,"13":1,"14":6},"f":{"0":6,"1":0,"2":6},"b":{"0":[2,1,1,1,1,1],"1":[1,1],"2":[1,0],"3":[6,0]},"meta":{"lastBranch":4,"lastFunction":3,"lastStatement":15,"seen":{"s:12:53:18:Infinity":0,"s:20:66:26:Infinity":1,"s:28:38:47:Infinity":2,"f:28:38:28:Infinity":0,"b:33:4:34:Infinity:35:4:38:Infinity:39:4:40:Infinity:41:4:42:Infinity:43:4:43:Infinity:44:4:45:Infinity":0,"s:32:2:46:Infinity":3,"s:34:6:34:Infinity":4,"b:34:21:34:29:34:29:34:Infinity":1,"s:36:6:38:Infinity":5,"b:37:36:37:44:37:44:37:Infinity":2,"s:40:6:40:Infinity":6,"s:42:6:42:Infinity":7,"s:45:6:45:Infinity":8,"s:84:31:86:Infinity":9,"f:84:31:84:32":1,"s:85:2:85:Infinity":10,"s:151:30:155:Infinity":11,"s:159:57:163:Infinity":12,"s:165:28:167:Infinity":13,"f:165:28:165:29":2,"s:166:2:166:Infinity":14,"b:166:9:166:34:166:34:166:Infinity":3}}}
,"/Users/phuong/Documents/Tech/Personal/inventory_app/src/frontend/src/utils/errorUtils.ts": {"path":"/Users/phuong/Documents/Tech/Personal/inventory_app/src/frontend/src/utils/errorUtils.ts","statementMap":{"0":{"start":{"line":8,"column":2},"end":{"line":13,"column":null}},"1":{"start":{"line":9,"column":26},"end":{"line":9,"column":null}},"2":{"start":{"line":10,"column":4},"end":{"line":12,"column":null}},"3":{"start":{"line":11,"column":6},"end":{"line":11,"column":null}},"4":{"start":{"line":14,"column":2},"end":{"line":16,"column":null}},"5":{"start":{"line":15,"column":4},"end":{"line":15,"column":null}},"6":{"start":{"line":17,"column":2},"end":{"line":17,"column":null}},"7":{"start":{"line":25,"column":2},"end":{"line":27,"column":null}},"8":{"start":{"line":26,"column":4},"end":{"line":26,"column":null}},"9":{"start":{"line":28,"column":2},"end":{"line":28,"column":null}}},"fnMap":{"0":{"name":"getApiErrorMessage","decl":{"start":{"line":7,"column":16},"end":{"line":7,"column":35}},"loc":{"start":{"line":7,"column":75},"end":{"line":18,"column":null}},"line":7},"1":{"name":"getApiErrorStatus","decl":{"start":{"line":24,"column":16},"end":{"line":24,"column":34}},"loc":{"start":{"line":24,"column":68},"end":{"line":29,"column":null}},"line":24}},"branchMap":{"0":{"loc":{"start":{"line":8,"column":2},"end":{"line":13,"column":null}},"type":"if","locations":[{"start":{"line":8,"column":2},"end":{"line":13,"column":null}},{"start":{},"end":{}}],"line":8},"1":{"loc":{"start":{"line":10,"column":4},"end":{"line":12,"column":null}},"type":"if","locations":[{"start":{"line":10,"column":4},"end":{"line":12,"column":null}},{"start":{},"end":{}}],"line":10},"2":{"loc":{"start":{"line":10,"column":8},"end":{"line":10,"column":71}},"type":"binary-expr","locations":[{"start":{"line":10,"column":8},"end":{"line":10,"column":45}},{"start":{"line":10,"column":45},"end":{"line":10,"column":71}}],"line":10},"3":{"loc":{"start":{"line":14,"column":2},"end":{"line":16,"column":null}},"type":"if","locations":[{"start":{"line":14,"column":2},"end":{"line":16,"column":null}},{"start":{},"end":{}}],"line":14},"4":{"loc":{"start":{"line":25,"column":2},"end":{"line":27,"column":null}},"type":"if","locations":[{"start":{"line":25,"column":2},"end":{"line":27,"column":null}},{"start":{},"end":{}}],"line":25}},"s":{"0":6,"1":2,"2":2,"3":1,"4":5,"5":2,"6":3,"7":3,"8":1,"9":2},"f":{"0":6,"1":3},"b":{"0":[2,4],"1":[1,1],"2":[2,1],"3":[2,3],"4":[1,2]},"meta":{"lastBranch":5,"lastFunction":2,"lastStatement":10,"seen":{"f:7:16:7:35":0,"b:8:2:13:Infinity:undefined:undefined:undefined:undefined":0,"s:8:2:13:Infinity":0,"s:9:26:9:Infinity":1,"b:10:4:12:Infinity:undefined:undefined:undefined:undefined":1,"s:10:4:12:Infinity":2,"b:10:8:10:45:10:45:10:71":2,"s:11:6:11:Infinity":3,"b:14:2:16:Infinity:undefined:undefined:undefined:undefined":3,"s:14:2:16:Infinity":4,"s:15:4:15:Infinity":5,"s:17:2:17:Infinity":6,"f:24:16:24:34":1,"b:25:2:27:Infinity:undefined:undefined:undefined:undefined":4,"s:25:2:27:Infinity":7,"s:26:4:26:Infinity":8,"s:28:2:28:Infinity":9}}}
}
